{
  "C:/Users/user/Desktop/SabaiCode/NestJS-SabaiCode/data-fetching/components/ui/Header/Header.tsx": {
    "path": "C:/Users/user/Desktop/SabaiCode/NestJS-SabaiCode/data-fetching/components/ui/Header/Header.tsx",
    "statementMap": {
      "0": {
        "start": {
          "line": 4,
          "column": 15
        },
        "end": {
          "line": 109,
          "column": null
        }
      },
      "1": {
        "start": {
          "line": 5,
          "column": 18
        },
        "end": {
          "line": 31,
          "column": null
        }
      },
      "2": {
        "start": {
          "line": 4,
          "column": 6
        },
        "end": {
          "line": 4,
          "column": 15
        }
      }
    },
    "fnMap": {
      "0": {
        "name": "(anonymous_0)",
        "decl": {
          "start": {
            "line": 4,
            "column": 15
          },
          "end": {
            "line": 4,
            "column": null
          }
        },
        "loc": {
          "start": {
            "line": 4,
            "column": 15
          },
          "end": {
            "line": 109,
            "column": null
          }
        }
      }
    },
    "branchMap": {
      "0": {
        "loc": {
          "start": {
            "line": 96,
            "column": 24
          },
          "end": {
            "line": 96,
            "column": 34
          }
        },
        "type": "cond-expr",
        "locations": [
          {
            "start": {
              "line": 96,
              "column": 24
            },
            "end": {
              "line": 96,
              "column": 30
            }
          },
          {
            "start": {
              "line": 96,
              "column": 24
            },
            "end": {
              "line": 96,
              "column": 34
            }
          }
        ]
      },
      "1": {
        "loc": {
          "start": {
            "line": 96,
            "column": 24
          },
          "end": {
            "line": 96,
            "column": 30
          }
        },
        "type": "binary-expr",
        "locations": [
          {
            "start": {
              "line": 96,
              "column": 24
            },
            "end": {
              "line": 96,
              "column": 30
            }
          },
          {
            "start": {
              "line": 96,
              "column": 24
            },
            "end": {
              "line": 96,
              "column": 30
            }
          }
        ]
      },
      "2": {
        "loc": {
          "start": {
            "line": 100,
            "column": 19
          },
          "end": {
            "line": 100,
            "column": 30
          }
        },
        "type": "cond-expr",
        "locations": [
          {
            "start": {
              "line": 100,
              "column": 19
            },
            "end": {
              "line": 100,
              "column": 25
            }
          },
          {
            "start": {
              "line": 100,
              "column": 19
            },
            "end": {
              "line": 100,
              "column": 30
            }
          }
        ]
      },
      "3": {
        "loc": {
          "start": {
            "line": 100,
            "column": 19
          },
          "end": {
            "line": 100,
            "column": 25
          }
        },
        "type": "binary-expr",
        "locations": [
          {
            "start": {
              "line": 100,
              "column": 19
            },
            "end": {
              "line": 100,
              "column": 25
            }
          },
          {
            "start": {
              "line": 100,
              "column": 19
            },
            "end": {
              "line": 100,
              "column": 25
            }
          }
        ]
      },
      "4": {
        "loc": {
          "start": {
            "line": 97,
            "column": 23
          },
          "end": {
            "line": 97,
            "column": 32
          }
        },
        "type": "cond-expr",
        "locations": [
          {
            "start": {
              "line": 97,
              "column": 23
            },
            "end": {
              "line": 97,
              "column": 29
            }
          },
          {
            "start": {
              "line": 97,
              "column": 23
            },
            "end": {
              "line": 97,
              "column": 32
            }
          }
        ]
      },
      "5": {
        "loc": {
          "start": {
            "line": 97,
            "column": 23
          },
          "end": {
            "line": 97,
            "column": 29
          }
        },
        "type": "binary-expr",
        "locations": [
          {
            "start": {
              "line": 97,
              "column": 23
            },
            "end": {
              "line": 97,
              "column": 29
            }
          },
          {
            "start": {
              "line": 97,
              "column": 23
            },
            "end": {
              "line": 97,
              "column": 29
            }
          }
        ]
      }
    },
    "s": {
      "0": 2,
      "1": 4,
      "2": 2
    },
    "f": {
      "0": 4
    },
    "b": {
      "0": [
        0,
        20
      ],
      "1": [
        20,
        20
      ],
      "2": [
        0,
        20
      ],
      "3": [
        20,
        20
      ],
      "4": [
        0,
        20
      ],
      "5": [
        20,
        20
      ]
    }
  },
  "C:/Users/user/Desktop/SabaiCode/NestJS-SabaiCode/data-fetching/components/ui/LoginForm/LoginForm.tsx": {
    "path": "C:/Users/user/Desktop/SabaiCode/NestJS-SabaiCode/data-fetching/components/ui/LoginForm/LoginForm.tsx",
    "statementMap": {
      "0": {
        "start": {
          "line": 4,
          "column": 25
        },
        "end": {
          "line": 61,
          "column": 2
        }
      },
      "1": {
        "start": {
          "line": 5,
          "column": 28
        },
        "end": {
          "line": 5,
          "column": null
        }
      },
      "2": {
        "start": {
          "line": 6,
          "column": 34
        },
        "end": {
          "line": 6,
          "column": null
        }
      },
      "3": {
        "start": {
          "line": 8,
          "column": 23
        },
        "end": {
          "line": 11,
          "column": null
        }
      },
      "4": {
        "start": {
          "line": 9,
          "column": 4
        },
        "end": {
          "line": 9,
          "column": null
        }
      },
      "5": {
        "start": {
          "line": 10,
          "column": 4
        },
        "end": {
          "line": 10,
          "column": null
        }
      },
      "6": {
        "start": {
          "line": 30,
          "column": 27
        },
        "end": {
          "line": 30,
          "column": null
        }
      },
      "7": {
        "start": {
          "line": 47,
          "column": 27
        },
        "end": {
          "line": 47,
          "column": null
        }
      },
      "8": {
        "start": {
          "line": 4,
          "column": 13
        },
        "end": {
          "line": 4,
          "column": 25
        }
      }
    },
    "fnMap": {
      "0": {
        "name": "(anonymous_0)",
        "decl": {
          "start": {
            "line": 4,
            "column": 25
          },
          "end": {
            "line": 4,
            "column": null
          }
        },
        "loc": {
          "start": {
            "line": 4,
            "column": 25
          },
          "end": {
            "line": 61,
            "column": 2
          }
        }
      },
      "1": {
        "name": "(anonymous_1)",
        "decl": {
          "start": {
            "line": 8,
            "column": 23
          },
          "end": {
            "line": 8,
            "column": 24
          }
        },
        "loc": {
          "start": {
            "line": 8,
            "column": 24
          },
          "end": {
            "line": 11,
            "column": null
          }
        }
      },
      "2": {
        "name": "(anonymous_2)",
        "decl": {
          "start": {
            "line": 30,
            "column": 20
          },
          "end": {
            "line": 30,
            "column": 21
          }
        },
        "loc": {
          "start": {
            "line": 30,
            "column": 27
          },
          "end": {
            "line": 30,
            "column": null
          }
        }
      },
      "3": {
        "name": "(anonymous_3)",
        "decl": {
          "start": {
            "line": 47,
            "column": 20
          },
          "end": {
            "line": 47,
            "column": 21
          }
        },
        "loc": {
          "start": {
            "line": 47,
            "column": 27
          },
          "end": {
            "line": 47,
            "column": null
          }
        }
      }
    },
    "branchMap": {},
    "s": {
      "0": 2,
      "1": 38,
      "2": 38,
      "3": 38,
      "4": 1,
      "5": 1,
      "6": 18,
      "7": 17,
      "8": 4
    },
    "f": {
      "0": 38,
      "1": 1,
      "2": 18,
      "3": 17
    },
    "b": {}
  },
  "C:/Users/user/Desktop/SabaiCode/NestJS-SabaiCode/data-fetching/components/ui/Title/Title.tsx": {
    "path": "C:/Users/user/Desktop/SabaiCode/NestJS-SabaiCode/data-fetching/components/ui/Title/Title.tsx",
    "statementMap": {
      "0": {
        "start": {
          "line": 7,
          "column": 14
        },
        "end": {
          "line": 13,
          "column": null
        }
      },
      "1": {
        "start": {
          "line": 7,
          "column": 6
        },
        "end": {
          "line": 7,
          "column": 14
        }
      }
    },
    "fnMap": {
      "0": {
        "name": "(anonymous_0)",
        "decl": {
          "start": {
            "line": 7,
            "column": 14
          },
          "end": {
            "line": 7,
            "column": 15
          }
        },
        "loc": {
          "start": {
            "line": 7,
            "column": 31
          },
          "end": {
            "line": 13,
            "column": null
          }
        }
      }
    },
    "branchMap": {},
    "s": {
      "0": 2,
      "1": 2
    },
    "f": {
      "0": 2
    },
    "b": {}
  },
  "C:/Users/user/Desktop/SabaiCode/NestJS-SabaiCode/data-fetching/components/ui/Footer/Footer.tsx": {
    "path": "C:/Users/user/Desktop/SabaiCode/NestJS-SabaiCode/data-fetching/components/ui/Footer/Footer.tsx",
    "statementMap": {
      "0": {
        "start": {
          "line": 3,
          "column": 25
        },
        "end": {
          "line": 12,
          "column": null
        }
      },
      "1": {
        "start": {
          "line": 3,
          "column": 6
        },
        "end": {
          "line": 3,
          "column": 25
        }
      }
    },
    "fnMap": {
      "0": {
        "name": "(anonymous_0)",
        "decl": {
          "start": {
            "line": 3,
            "column": 25
          },
          "end": {
            "line": 3,
            "column": null
          }
        },
        "loc": {
          "start": {
            "line": 3,
            "column": 25
          },
          "end": {
            "line": 12,
            "column": null
          }
        }
      }
    },
    "branchMap": {},
    "s": {
      "0": 2,
      "1": 2
    },
    "f": {
      "0": 2
    },
    "b": {}
  },
  "C:/Users/user/Desktop/SabaiCode/NestJS-SabaiCode/data-fetching/components/ui/Products/Products.tsx": {
    "path": "C:/Users/user/Desktop/SabaiCode/NestJS-SabaiCode/data-fetching/components/ui/Products/Products.tsx",
    "statementMap": {
      "0": {
        "start": {
          "line": 21,
          "column": 17
        },
        "end": {
          "line": 89,
          "column": null
        }
      },
      "1": {
        "start": {
          "line": 21,
          "column": 6
        },
        "end": {
          "line": 21,
          "column": 17
        }
      }
    },
    "fnMap": {
      "0": {
        "name": "(anonymous_0)",
        "decl": {
          "start": {
            "line": 21,
            "column": 17
          },
          "end": {
            "line": 21,
            "column": 18
          }
        },
        "loc": {
          "start": {
            "line": 21,
            "column": 37
          },
          "end": {
            "line": 89,
            "column": null
          }
        }
      }
    },
    "branchMap": {},
    "s": {
      "0": 1,
      "1": 1
    },
    "f": {
      "0": 1
    },
    "b": {}
  }
}