TN:
SF:components\ui\Footer\Footer.tsx
FN:3,(anonymous_0)
FNF:1
FNH:1
FNDA:2,(anonymous_0)
DA:3,2
LF:1
LH:1
BRF:0
BRH:0
end_of_record
TN:
SF:components\ui\Header\Header.tsx
FN:4,(anonymous_0)
FNF:1
FNH:1
FNDA:4,(anonymous_0)
DA:4,2
DA:5,4
LF:2
LH:2
BRDA:96,0,0,0
BRDA:96,0,1,20
BRDA:96,1,0,20
BRDA:96,1,1,20
BRDA:100,2,0,0
BRDA:100,2,1,20
BRDA:100,3,0,20
BRDA:100,3,1,20
BRDA:97,4,0,0
BRDA:97,4,1,20
BRDA:97,5,0,20
BRDA:97,5,1,20
BRF:12
BRH:9
end_of_record
TN:
SF:components\ui\LoginForm\LoginForm.tsx
FN:4,(anonymous_0)
FN:8,(anonymous_1)
FN:30,(anonymous_2)
FN:47,(anonymous_3)
FNF:4
FNH:4
FNDA:38,(anonymous_0)
FNDA:1,(anonymous_1)
FNDA:18,(anonymous_2)
FNDA:17,(anonymous_3)
DA:4,4
DA:5,38
DA:6,38
DA:8,38
DA:9,1
DA:10,1
DA:30,18
DA:47,17
LF:8
LH:8
BRF:0
BRH:0
end_of_record
TN:
SF:components\ui\Products\Products.tsx
FN:21,(anonymous_0)
FNF:1
FNH:1
FNDA:1,(anonymous_0)
DA:21,1
LF:1
LH:1
BRF:0
BRH:0
end_of_record
TN:
SF:components\ui\Title\Title.tsx
FN:7,(anonymous_0)
FNF:1
FNH:1
FNDA:2,(anonymous_0)
DA:7,2
LF:1
LH:1
BRF:0
BRH:0
end_of_record
